初调度分配虚拟单元：
------------------------------------------------------------------------------------
工件分类:
[[2, 12], [6, 13], [10, 11], [0, 4, 5, 7, 8], [3, 9], [1, 14]]
虚拟单元：
[[3, 6, 9, 16, 20], [3, 9, 10, 16, 20], [18, 19, 22, 23, 24, 25, 26, 27, 28, 29], [0, 1, 2, 4, 5, 6, 11, 12, 13, 16], [17, 3, 21, 7], [6, 8, 9, 14, 15]]
工件在各单元中可选机器数量：
[[2, 1, 3], [1, 2, 2], [1, 1], [1, 1], [3, 2, 1], [3, 2], [1, 2, 1], [3, 2, 1], [3, 2], [1, 1], [4, 2, 2], [2, 2, 2], [1, 1, 1], [2, 1], [1, 2, 2]]
工件在单元中可选机器id:
[[[4, 5], [6], [11, 12, 13]], [[6], [8, 9], [14, 15]], [[16], [20]], [[17], [21]], [[0, 1, 2], [4, 5], [16]], [[0, 1, 2], [4, 5]], [[3], [9, 10], [20]], [[0, 1, 2], [4, 5], [6]], [[0, 1, 2], [4, 5]], [[3], [7]], [[26, 27, 28, 29], [18, 19], [22, 23]], [[24, 25], [18, 19], [22, 23]], [[3], [6], [9]], [[9, 10], [16]], [[6], [8, 9], [14, 15]]]
------------------------------------------------------------------------------------
初调度开始：
[Name=schedule,G=0,T=90.00K] FT:365min, WT:531min, TT:345min, Fit:381.60, Time:3.09s, ETA:0m 3s
最优个体出现在第0代，适应度为：381.6
调度结果：
     工件号  工序号  机器编号   起始时间   结束时间   加工时间   等待时间  运输时间
0    0.0  1.0   4.0    0.0   75.0   75.0    0.0  25.0
1    0.0  2.0   6.0  142.0  213.0   71.0   41.0  10.0
2    0.0  3.0  13.0  224.0  313.0   89.0    0.0   0.0
3    1.0  1.0   6.0    0.0   71.0   71.0    0.0  10.0
4    1.0  2.0   8.0   82.0  149.0   67.0    0.0  10.0
5    1.0  3.0  15.0  160.0  224.0   64.0    0.0   0.0
6    2.0  1.0  16.0    0.0   59.0   59.0    0.0  15.0
7    2.0  2.0  20.0   75.0  111.0   36.0    0.0   0.0
8    3.0  1.0  17.0    0.0   51.0   51.0    0.0  20.0
9    3.0  2.0  21.0   72.0  191.0  119.0    0.0   0.0
10   4.0  1.0   2.0    0.0   65.0   65.0   30.0  10.0
11   4.0  2.0   4.0  106.0  211.0   75.0   30.0  10.0
12   4.0  3.0  16.0  222.0  281.0   59.0    0.0   0.0
13   5.0  1.0   0.0  103.0  206.0  103.0  103.0  10.0
14   5.0  2.0   5.0  217.0  297.0   80.0    0.0   0.0
15   6.0  1.0   3.0  110.0  165.0   55.0  110.0  10.0
16   6.0  2.0  10.0  176.0  253.0   77.0    0.0  20.0
17   6.0  3.0  20.0  274.0  310.0   36.0    0.0   0.0
18   7.0  1.0   1.0    0.0  110.0   80.0   30.0  15.0
19   7.0  2.0   5.0  126.0  206.0   80.0    0.0   5.0
20   7.0  3.0   6.0  213.0  284.0   71.0    1.0   0.0
21   8.0  1.0   0.0    0.0  103.0  103.0    0.0  20.0
22   8.0  2.0   4.0  211.0  286.0   75.0   75.0   0.0
23   9.0  1.0   3.0   55.0  110.0   55.0   55.0  15.0
24   9.0  2.0   7.0  126.0  212.0   86.0    0.0   0.0
25  10.0  1.0  28.0    0.0  123.0  123.0    0.0  20.0
26  10.0  2.0  19.0  144.0  195.0   51.0    0.0  15.0
27  10.0  3.0  22.0  330.0  454.0  124.0  119.0   0.0
28  11.0  1.0  25.0    0.0  128.0   98.0   30.0  10.0
29  11.0  2.0  18.0  139.0  185.0   46.0    0.0  20.0
30  11.0  3.0  22.0  206.0  330.0  124.0    0.0   0.0
31  12.0  1.0   3.0    0.0   55.0   55.0    0.0  20.0
32  12.0  2.0   6.0  284.0  355.0   71.0  208.0  15.0
33  12.0  3.0   9.0  371.0  433.0   62.0    0.0   0.0
34  13.0  1.0   9.0    0.0   62.0   62.0    0.0  10.0
35  13.0  2.0  16.0   73.0  132.0   59.0    0.0   0.0
36  14.0  1.0   6.0   71.0  142.0   71.0   71.0  10.0
37  14.0  2.0   8.0  153.0  220.0   67.0    0.0  10.0
38  14.0  3.0  15.0  231.0  295.0   64.0    0.0   0.0
已完工工序：
     工件号  工序号  机器编号  起始时间   结束时间   加工时间  等待时间  运输时间
0    0.0  1.0   4.0   0.0   75.0   75.0   0.0  25.0
3    1.0  1.0   6.0   0.0   71.0   71.0   0.0  10.0
6    2.0  1.0  16.0   0.0   59.0   59.0   0.0  15.0
8    3.0  1.0  17.0   0.0   51.0   51.0   0.0  20.0
10   4.0  1.0   2.0   0.0   65.0   65.0  30.0  10.0
18   7.0  1.0   1.0   0.0  110.0   80.0  30.0  15.0
21   8.0  1.0   0.0   0.0  103.0  103.0   0.0  20.0
25  10.0  1.0  28.0   0.0  123.0  123.0   0.0  20.0
28  11.0  1.0  25.0   0.0  128.0   98.0  30.0  10.0
31  12.0  1.0   3.0   0.0   55.0   55.0   0.0  20.0
34  13.0  1.0   9.0   0.0   62.0   62.0   0.0  10.0
完工时间：454, 总等待时间：903.0，总运输时间：335.0
机器3在33时刻加工工件4的第1道工序时发生故障
机器5在151时刻加工工件4的第2道工序时发生故障
机器2在51时刻加工工件7的第1道工序时发生故障
机器26在87时刻加工工件11的第1道工序时发生故障
重调度分配虚拟单元：
------------------------------------------------------------------------------------
工件分类:
[[2, 12, 15, 16], [6, 13], [10, 11, 17], [0, 4, 5, 8], [9, 18], [1, 14, 19]]
虚拟单元：
[[3, 6, 9, 10, 12, 13, 16, 20, 23], [19, 9, 3, 16], [17, 18, 21, 22, 24, 25, 26, 27, 28, 29], [1, 2, 3, 5, 6, 11, 16], [0, 4, 7], [3, 6, 8, 14, 15]]
工件在各单元中可选机器：
[[2, 1, 1], [1, 1, 2], [1, 1], [0, 0], [2, 2, 1], [2, 2], [1, 1, 1], [0, 0, 0], [2, 2], [1, 1], [4, 2, 2], [2, 2, 2], [1, 1, 2], [1, 1], [1, 1, 2], [2, 2, 1], [2, 2, 1], [2, 4], [1, 1], [1, 1, 2]]
工件在单元中可选机器id:
[[[3, 5], [6], [11]], [[6], [8], [14, 15]], [[16], [20]], [[-1], [-1]], [[1, 2], [3, 5], [16]], [[1, 2], [3, 5]], [[3], [9], [19]], [[-1], [-1], [-1]], [[1, 2], [3, 5]], [[4], [7]], [[26, 27, 28, 29], [17, 18], [21, 22]], [[24, 25], [17, 18], [21, 22]], [[3], [6], [9, 10]], [[9], [16]], [[6], [8], [14, 15]], [[9, 10], [12, 13], [20]], [[9, 10], [12, 13], [23]], [[24, 25], [26, 27, 28, 29]], [[0], [7]], [[3], [6], [14, 15]]]
------------------------------------------------------------------------------------
重调度开始：
[Name=reschedule,G=0,T=90.00K] FT:439min, WT:1281min, TT:425min, Fit:523.20, Time:5.24s, ETA:0m 5s
最优个体出现在第0代，适应度为：523.2
3号工件退订
7号工件退订
调度结果：
     工件号  工序号  机器编号   起始时间   结束时间   加工时间   等待时间  运输时间
0    0.0  1.0   4.0    0.0   75.0   75.0    0.0  25.0
1    0.0  2.0   6.0  284.0  355.0   71.0  183.0  10.0
2    0.0  3.0  11.0  366.0  475.0  109.0    0.0   0.0
3    1.0  1.0   6.0   71.0  142.0   71.0   72.0  10.0
4    1.0  2.0   8.0  153.0  220.0   67.0    0.0   5.0
5    1.0  3.0  14.0  403.0  482.0   79.0  167.0   0.0
6    2.0  1.0  16.0    0.0   59.0   59.0    0.0  15.0
7    2.0  2.0  20.0   75.0  111.0   36.0    0.0   0.0
8    4.0  1.0   0.0  103.0  206.0  103.0  104.0  10.0
9    4.0  2.0   5.0  217.0  297.0   80.0    0.0  30.0
10   4.0  3.0  16.0  328.0  387.0   59.0    0.0   0.0
11   5.0  1.0   2.0    0.0   65.0   65.0    0.0  10.0
12   5.0  2.0   4.0   76.0  151.0   75.0    0.0   0.0
13   6.0  1.0   3.0  220.0  275.0   55.0  221.0   5.0
14   6.0  2.0   9.0  281.0  343.0   62.0    0.0  20.0
15   6.0  3.0  19.0  364.0  415.0   51.0    0.0   0.0
16   8.0  1.0   2.0   65.0  130.0   65.0   66.0   5.0
17   8.0  2.0   3.0  165.0  220.0   55.0   29.0   0.0
18   9.0  1.0   3.0  110.0  165.0   55.0  111.0  15.0
19   9.0  2.0   7.0  181.0  267.0   86.0    0.0   0.0
20  10.0  1.0  29.0    0.0  108.0  108.0    0.0  15.0
21  10.0  2.0  18.0  124.0  170.0   46.0    0.0  15.0
22  10.0  3.0  21.0  186.0  305.0  119.0    0.0   0.0
23  11.0  1.0  25.0    0.0  128.0   98.0   30.0  10.0
24  11.0  2.0  18.0  170.0  216.0   46.0   31.0  20.0
25  11.0  3.0  22.0  237.0  361.0  124.0    0.0   0.0
26  12.0  1.0   3.0    0.0   55.0   55.0    0.0  20.0
27  12.0  2.0   6.0  213.0  284.0   71.0  137.0  20.0
28  12.0  3.0  10.0  305.0  382.0   77.0    0.0   0.0
29  13.0  1.0  10.0    0.0   77.0   77.0    0.0   5.0
30  13.0  2.0  16.0   83.0  142.0   59.0    0.0   0.0
31  14.0  1.0   6.0    0.0   71.0   71.0    0.0  15.0
32  14.0  2.0   9.0  142.0  204.0   62.0   55.0  10.0
33  14.0  3.0  14.0  215.0  294.0   79.0    0.0   0.0
34  15.0  1.0   9.0  204.0  266.0   62.0  139.0  20.0
35  15.0  2.0  12.0  287.0  381.0   94.0    0.0  15.0
36  15.0  3.0  20.0  397.0  433.0   36.0    0.0   0.0
37  16.0  1.0   9.0   50.0  112.0   62.0   30.0  20.0
38  16.0  2.0  12.0  163.0  287.0   94.0   30.0  15.0
39  16.0  3.0  23.0  303.0  442.0  139.0    0.0   0.0
40  17.0  1.0  24.0   50.0  163.0   83.0   30.0  10.0
41  17.0  2.0  26.0  174.0  277.0  103.0    0.0   0.0
42  18.0  1.0   0.0  206.0  309.0  103.0  156.0  10.0
43  18.0  2.0   7.0  320.0  406.0   86.0    0.0   0.0
44  19.0  1.0   3.0   55.0  110.0   55.0    5.0  20.0
45  19.0  2.0   6.0  142.0  213.0   71.0   11.0  15.0
46  19.0  3.0  14.0  294.0  403.0   79.0   95.0   0.0
完工时间：482, 总等待时间：1702.0，总运输时间：415.0
机器26在48时刻加工工件11的第1道工序时发生故障
机器10在85时刻加工工件16的第1道工序时发生故障
机器13在201时刻加工工件16的第2道工序时发生故障
机器25在69时刻加工工件17的第1道工序时发生故障
机器15在316时刻加工工件19的第3道工序时发生故障
初调度分配虚拟单元：
------------------------------------------------------------------------------------
工件分类:
[[2, 12], [6, 13], [10, 11], [0, 4, 5, 7, 8], [3, 9], [1, 14]]
虚拟单元：
[[3, 6, 9, 16, 20], [3, 9, 10, 16, 20], [18, 19, 22, 23, 24, 25, 26, 27, 28, 29], [0, 1, 2, 4, 5, 6, 11, 12, 13, 16], [17, 3, 21, 7], [6, 8, 9, 14, 15]]
工件在各单元中可选机器数量：
[[2, 1, 3], [1, 2, 2], [1, 1], [1, 1], [3, 2, 1], [3, 2], [1, 2, 1], [3, 2, 1], [3, 2], [1, 1], [4, 2, 2], [2, 2, 2], [1, 1, 1], [2, 1], [1, 2, 2]]
工件在单元中可选机器id:
[[[4, 5], [6], [11, 12, 13]], [[6], [8, 9], [14, 15]], [[16], [20]], [[17], [21]], [[0, 1, 2], [4, 5], [16]], [[0, 1, 2], [4, 5]], [[3], [9, 10], [20]], [[0, 1, 2], [4, 5], [6]], [[0, 1, 2], [4, 5]], [[3], [7]], [[26, 27, 28, 29], [18, 19], [22, 23]], [[24, 25], [18, 19], [22, 23]], [[3], [6], [9]], [[9, 10], [16]], [[6], [8, 9], [14, 15]]]
------------------------------------------------------------------------------------
初调度开始：
[Name=schedule,G=0,T=90.00K] FT:362min, WT:555min, TT:330min, Fit:381.30, Time:3.04s, ETA:0m 6s
[Name=schedule,G=1,T=89.99K] FT:362min, WT:514min, TT:310min, Fit:377.20, Time:2.97s, ETA:0m 2s
最优个体出现在第1代，适应度为：377.20000000000005
调度结果：
     工件号  工序号  机器编号   起始时间   结束时间   加工时间   等待时间  运输时间
0    0.0  1.0   5.0    0.0   80.0   80.0    0.0   5.0
1    0.0  2.0   6.0  213.0  284.0   71.0  127.0   5.0
2    0.0  3.0  12.0  290.0  384.0   94.0    0.0   0.0
3    1.0  1.0   6.0    0.0   71.0   71.0    0.0  10.0
4    1.0  2.0   8.0   82.0  149.0   67.0    0.0  10.0
5    1.0  3.0  15.0  160.0  254.0   64.0   30.0   0.0
6    2.0  1.0  16.0    0.0   59.0   59.0    0.0  15.0
7    2.0  2.0  20.0   75.0  111.0   36.0    0.0   0.0
8    3.0  1.0  17.0    0.0   51.0   51.0    0.0  20.0
9    3.0  2.0  21.0   72.0  191.0  119.0    0.0   0.0
10   4.0  1.0   2.0    0.0   65.0   65.0    0.0  20.0
11   4.0  2.0   5.0   86.0  166.0   80.0    0.0  30.0
12   4.0  3.0  16.0  197.0  256.0   59.0    0.0   0.0
13   5.0  1.0   1.0    0.0   80.0   80.0    0.0  15.0
14   5.0  2.0   5.0  246.0  326.0   80.0  150.0   0.0
15   6.0  1.0   3.0  110.0  165.0   55.0  110.0  10.0
16   6.0  2.0  10.0  176.0  253.0   77.0    0.0  20.0
17   6.0  3.0  20.0  274.0  310.0   36.0    0.0   0.0
18   7.0  1.0   2.0   65.0  130.0   65.0   65.0  20.0
19   7.0  2.0   5.0  166.0  246.0   80.0   15.0   5.0
20   7.0  3.0   6.0  284.0  355.0   71.0   32.0   0.0
21   8.0  1.0   2.0  130.0  195.0   65.0  130.0  10.0
22   8.0  2.0   4.0  206.0  281.0   75.0    0.0   0.0
23   9.0  1.0   3.0    0.0   55.0   55.0    0.0  15.0
24   9.0  2.0   7.0   71.0  157.0   86.0    0.0   0.0
25  10.0  1.0  27.0    0.0  148.0  118.0   30.0  20.0
26  10.0  2.0  18.0  169.0  215.0   46.0    0.0  10.0
27  10.0  3.0  23.0  226.0  365.0  139.0    0.0   0.0
28  11.0  1.0  25.0    0.0   98.0   98.0    0.0  10.0
29  11.0  2.0  18.0  109.0  155.0   46.0    0.0  20.0
30  11.0  3.0  22.0  176.0  300.0  124.0    0.0   0.0
31  12.0  1.0   3.0   55.0  110.0   55.0   55.0  20.0
32  12.0  2.0   6.0  142.0  213.0   71.0   11.0  15.0
33  12.0  3.0   9.0  229.0  291.0   62.0    0.0   0.0
34  13.0  1.0   9.0    0.0   62.0   62.0    0.0  10.0
35  13.0  2.0  16.0   73.0  132.0   59.0    0.0   0.0
36  14.0  1.0   6.0   71.0  142.0   71.0   71.0  10.0
37  14.0  2.0   8.0  153.0  220.0   67.0    0.0  10.0
38  14.0  3.0  15.0  254.0  318.0   64.0   23.0   0.0
已完工工序：
     工件号  工序号  机器编号  起始时间   结束时间   加工时间  等待时间  运输时间
0    0.0  1.0   5.0   0.0   80.0   80.0   0.0   5.0
3    1.0  1.0   6.0   0.0   71.0   71.0   0.0  10.0
6    2.0  1.0  16.0   0.0   59.0   59.0   0.0  15.0
8    3.0  1.0  17.0   0.0   51.0   51.0   0.0  20.0
10   4.0  1.0   2.0   0.0   65.0   65.0   0.0  20.0
13   5.0  1.0   1.0   0.0   80.0   80.0   0.0  15.0
23   9.0  1.0   3.0   0.0   55.0   55.0   0.0  15.0
25  10.0  1.0  27.0   0.0  148.0  118.0  30.0  20.0
28  11.0  1.0  25.0   0.0   98.0   98.0   0.0  10.0
34  13.0  1.0   9.0   0.0   62.0   62.0   0.0  10.0
完工时间：384, 总等待时间：849.0，总运输时间：335.0
机器16在199时刻加工工件1的第3道工序时发生故障
机器28在54时刻加工工件10的第1道工序时发生故障
重调度分配虚拟单元：
------------------------------------------------------------------------------------
工件分类:
[[2, 12, 15, 16], [6, 13], [10, 11, 17], [0, 4, 5, 8], [9, 18], [1, 14, 19]]
虚拟单元：
[[3, 6, 9, 10, 12, 13, 16, 20, 23], [19, 9, 3, 16], [17, 18, 21, 22, 24, 25, 26, 27, 28, 29], [1, 2, 3, 5, 6, 11, 16], [0, 4, 7], [3, 6, 8, 14, 15]]
工件在各单元中可选机器：
[[2, 1, 1], [1, 1, 2], [1, 1], [0, 0], [2, 2, 1], [2, 2], [1, 1, 1], [0, 0, 0], [2, 2], [1, 1], [4, 2, 2], [2, 2, 2], [1, 1, 2], [1, 1], [1, 1, 2], [2, 2, 1], [2, 2, 1], [2, 4], [1, 1], [1, 1, 2]]
工件在单元中可选机器id:
[[[3, 5], [6], [11]], [[6], [8], [14, 15]], [[16], [20]], [[-1], [-1]], [[1, 2], [3, 5], [16]], [[1, 2], [3, 5]], [[3], [9], [19]], [[-1], [-1], [-1]], [[1, 2], [3, 5]], [[4], [7]], [[26, 27, 28, 29], [17, 18], [21, 22]], [[24, 25], [17, 18], [21, 22]], [[3], [6], [9, 10]], [[9], [16]], [[6], [8], [14, 15]], [[9, 10], [12, 13], [20]], [[9, 10], [12, 13], [23]], [[24, 25], [26, 27, 28, 29]], [[0], [7]], [[3], [6], [14, 15]]]
------------------------------------------------------------------------------------
重调度开始：
[Name=reschedule,G=0,T=90.00K] FT:433min, WT:834min, TT:380min, Fit:473.10, Time:5.22s, ETA:0m 10s
[Name=reschedule,G=1,T=89.99K] FT:440min, WT:867min, TT:385min, Fit:482.70, Time:4.13s, ETA:0m 4s
最优个体出现在第0代，适应度为：473.1
3号工件退订
7号工件退订
调度结果：
     工件号  工序号  机器编号   起始时间   结束时间   加工时间   等待时间  运输时间
0    0.0  1.0   5.0    0.0   80.0   80.0    0.0   5.0
1    0.0  2.0   6.0  172.0  243.0   71.0   71.0  10.0
2    0.0  3.0  11.0  254.0  363.0  109.0    0.0   0.0
3    1.0  1.0   6.0   71.0  172.0   71.0  102.0  10.0
4    1.0  2.0   8.0  183.0  250.0   67.0    0.0   5.0
5    1.0  3.0  14.0  256.0  335.0   79.0    0.0   0.0
6    2.0  1.0  16.0    0.0   89.0   59.0   30.0  15.0
7    2.0  2.0  20.0  105.0  141.0   36.0    0.0   0.0
8    4.0  1.0   1.0    0.0   80.0   80.0    0.0  15.0
9    4.0  2.0   4.0  226.0  301.0   75.0  130.0  10.0
10   4.0  3.0  16.0  312.0  371.0   59.0    0.0   0.0
11   5.0  1.0   0.0    0.0  103.0  103.0    0.0  20.0
12   5.0  2.0   4.0  151.0  226.0   75.0   27.0   0.0
13   6.0  1.0   3.0    0.0   55.0   55.0    0.0   5.0
14   6.0  2.0   9.0   61.0  123.0   62.0    0.0  20.0
15   6.0  3.0  19.0  185.0  236.0   51.0   41.0   0.0
16   8.0  1.0   2.0    0.0   65.0   65.0    0.0  10.0
17   8.0  2.0   4.0   76.0  151.0   75.0    0.0   0.0
18   9.0  1.0   3.0   55.0  140.0   55.0   86.0  15.0
19   9.0  2.0   7.0  156.0  242.0   86.0    0.0   0.0
20  10.0  1.0  27.0    0.0  118.0  118.0    0.0  15.0
21  10.0  2.0  19.0  134.0  185.0   51.0    0.0  10.0
22  10.0  3.0  21.0  270.0  389.0  119.0   74.0   0.0
23  11.0  1.0  24.0    0.0   83.0   83.0    0.0   5.0
24  11.0  2.0  18.0   89.0  135.0   46.0    0.0  15.0
25  11.0  3.0  21.0  151.0  270.0  119.0    0.0   0.0
26  12.0  1.0   3.0  195.0  280.0   55.0  212.0  20.0
27  12.0  2.0   6.0  314.0  385.0   71.0   13.0  20.0
28  12.0  3.0  10.0  406.0  483.0   77.0    0.0   0.0
29  13.0  1.0  10.0    0.0   77.0   77.0    0.0   5.0
30  13.0  2.0  16.0   89.0  178.0   59.0   36.0   0.0
31  14.0  1.0   6.0    0.0   71.0   71.0    0.0  10.0
32  14.0  2.0   8.0   82.0  149.0   67.0    0.0   5.0
33  14.0  3.0  14.0  155.0  234.0   79.0    0.0   0.0
34  15.0  1.0  10.0  154.0  231.0   77.0  104.0  25.0
35  15.0  2.0  12.0  274.0  368.0   94.0   17.0  15.0
36  15.0  3.0  20.0  384.0  450.0   36.0   30.0   0.0
37  16.0  1.0  10.0   77.0  154.0   77.0   27.0  25.0
38  16.0  2.0  12.0  180.0  274.0   94.0    0.0  15.0
39  16.0  3.0  23.0  290.0  429.0  139.0    0.0   0.0
40  17.0  1.0  25.0   50.0  148.0   98.0    0.0   5.0
41  17.0  2.0  26.0  154.0  257.0  103.0    0.0   0.0
42  18.0  1.0   0.0  103.0  206.0  103.0   53.0  10.0
43  18.0  2.0   7.0  242.0  328.0   86.0   25.0   0.0
44  19.0  1.0   3.0  140.0  195.0   55.0   75.0  20.0
45  19.0  2.0   6.0  243.0  314.0   71.0   27.0  15.0
46  19.0  3.0  14.0  335.0  414.0   79.0    5.0   0.0
完工时间：483, 总等待时间：1185.0，总运输时间：375.0
机器7在133时刻加工工件1的第1道工序时发生故障
机器17在32时刻加工工件2的第1道工序时发生故障
机器4在80时刻加工工件9的第1道工序时发生故障
机器4在226时刻加工工件12的第1道工序时发生故障
机器17在138时刻加工工件13的第2道工序时发生故障
机器21在394时刻加工工件15的第3道工序时发生故障
初调度分配虚拟单元：
------------------------------------------------------------------------------------
工件分类:
[[2, 12], [6, 13], [10, 11], [0, 4, 5, 7, 8], [3, 9], [1, 14]]
虚拟单元：
[[3, 6, 9, 16, 20], [3, 9, 10, 16, 20], [18, 19, 22, 23, 24, 25, 26, 27, 28, 29], [0, 1, 2, 4, 5, 6, 11, 12, 13, 16], [17, 3, 21, 7], [6, 8, 9, 14, 15]]
工件在各单元中可选机器数量：
[[2, 1, 3], [1, 2, 2], [1, 1], [1, 1], [3, 2, 1], [3, 2], [1, 2, 1], [3, 2, 1], [3, 2], [1, 1], [4, 2, 2], [2, 2, 2], [1, 1, 1], [2, 1], [1, 2, 2]]
工件在单元中可选机器id:
[[[4, 5], [6], [11, 12, 13]], [[6], [8, 9], [14, 15]], [[16], [20]], [[17], [21]], [[0, 1, 2], [4, 5], [16]], [[0, 1, 2], [4, 5]], [[3], [9, 10], [20]], [[0, 1, 2], [4, 5], [6]], [[0, 1, 2], [4, 5]], [[3], [7]], [[26, 27, 28, 29], [18, 19], [22, 23]], [[24, 25], [18, 19], [22, 23]], [[3], [6], [9]], [[9, 10], [16]], [[6], [8, 9], [14, 15]]]
------------------------------------------------------------------------------------
初调度开始：
[Name=schedule,G=0,T=90.00K] FT:362min, WT:563min, TT:370min, Fit:382.10, Time:3.05s, ETA:0m 6s
[Name=schedule,G=1,T=89.99K] FT:362min, WT:536min, TT:305min, Fit:379.40, Time:3.19s, ETA:0m 3s
最优个体出现在第1代，适应度为：379.40000000000003
调度结果：
     工件号  工序号  机器编号   起始时间   结束时间   加工时间   等待时间  运输时间
0    0.0  1.0   5.0    0.0   80.0   80.0    0.0   5.0
1    0.0  2.0   6.0  101.0  172.0   71.0   15.0   5.0
2    0.0  3.0  12.0  178.0  272.0   94.0    0.0   0.0
3    1.0  1.0   6.0    0.0  101.0   71.0   30.0  15.0
4    1.0  2.0   9.0  117.0  179.0   62.0    0.0   5.0
5    1.0  3.0  15.0  185.0  249.0   64.0    0.0   0.0
6    2.0  1.0  16.0    0.0   59.0   59.0    0.0  15.0
7    2.0  2.0  20.0   75.0  111.0   36.0    0.0   0.0
8    3.0  1.0  17.0    0.0   51.0   51.0    0.0  20.0
9    3.0  2.0  21.0   72.0  191.0  119.0    0.0   0.0
10   4.0  1.0   2.0    0.0   65.0   65.0    0.0  10.0
11   4.0  2.0   4.0   76.0  151.0   75.0    0.0  10.0
12   4.0  3.0  16.0  162.0  221.0   59.0    0.0   0.0
13   5.0  1.0   0.0  103.0  206.0  103.0  103.0  20.0
14   5.0  2.0   4.0  227.0  302.0   75.0    0.0   0.0
15   6.0  1.0   3.0   85.0  140.0   55.0   70.0  10.0
16   6.0  2.0  10.0  151.0  228.0   77.0    0.0  20.0
17   6.0  3.0  20.0  249.0  285.0   36.0    0.0   0.0
18   7.0  1.0   0.0  206.0  309.0  103.0  206.0  20.0
19   7.0  2.0   4.0  330.0  405.0   75.0    0.0  25.0
20   7.0  3.0   6.0  431.0  502.0   71.0    0.0   0.0
21   8.0  1.0   0.0    0.0  103.0  103.0    0.0  10.0
22   8.0  2.0   5.0  114.0  224.0   80.0   30.0   0.0
23   9.0  1.0   3.0    0.0   85.0   55.0   30.0  15.0
24   9.0  2.0   7.0  101.0  187.0   86.0    0.0   0.0
25  10.0  1.0  28.0    0.0  123.0  123.0    0.0  20.0
26  10.0  2.0  19.0  144.0  195.0   51.0    0.0  15.0
27  10.0  3.0  22.0  300.0  424.0  124.0   89.0   0.0
28  11.0  1.0  25.0    0.0   98.0   98.0    0.0  10.0
29  11.0  2.0  18.0  109.0  155.0   46.0    0.0  20.0
30  11.0  3.0  22.0  176.0  300.0  124.0    0.0   0.0
31  12.0  1.0   3.0  140.0  195.0   55.0  126.0  20.0
32  12.0  2.0   6.0  243.0  314.0   71.0   27.0  15.0
33  12.0  3.0   9.0  330.0  392.0   62.0    0.0   0.0
34  13.0  1.0  10.0    0.0   77.0   77.0    0.0   5.0
35  13.0  2.0  16.0   83.0  142.0   59.0    0.0   0.0
36  14.0  1.0   6.0  172.0  243.0   71.0  157.0  15.0
37  14.0  2.0   9.0  259.0  321.0   62.0    0.0   5.0
38  14.0  3.0  15.0  327.0  391.0   64.0    0.0   0.0
已完工工序：
     工件号  工序号  机器编号  起始时间   结束时间   加工时间  等待时间  运输时间
0    0.0  1.0   5.0   0.0   80.0   80.0   0.0   5.0
3    1.0  1.0   6.0   0.0  101.0   71.0  30.0  15.0
6    2.0  1.0  16.0   0.0   59.0   59.0   0.0  15.0
8    3.0  1.0  17.0   0.0   51.0   51.0   0.0  20.0
10   4.0  1.0   2.0   0.0   65.0   65.0   0.0  10.0
21   8.0  1.0   0.0   0.0  103.0  103.0   0.0  10.0
23   9.0  1.0   3.0   0.0   85.0   55.0  30.0  15.0
25  10.0  1.0  28.0   0.0  123.0  123.0   0.0  20.0
28  11.0  1.0  25.0   0.0   98.0   98.0   0.0  10.0
34  13.0  1.0  10.0   0.0   77.0   77.0   0.0   5.0
完工时间：502, 总等待时间：883.0，总运输时间：330.0
机器7在70时刻加工工件1的第1道工序时发生故障
机器6在148时刻加工工件8的第2道工序时发生故障
机器4在1时刻加工工件9的第1道工序时发生故障
重调度分配虚拟单元：
------------------------------------------------------------------------------------
工件分类:
[[2, 12, 15, 16], [6, 13], [10, 11, 17], [0, 4, 5, 8], [9, 18], [1, 14, 19]]
虚拟单元：
[[3, 6, 9, 10, 12, 13, 16, 20, 23], [19, 9, 3, 16], [17, 18, 21, 22, 24, 25, 26, 27, 28, 29], [1, 2, 3, 5, 6, 11, 16], [0, 4, 7], [3, 6, 8, 14, 15]]
工件在各单元中可选机器：
[[2, 1, 1], [1, 1, 2], [1, 1], [0, 0], [2, 2, 1], [2, 2], [1, 1, 1], [0, 0, 0], [2, 2], [1, 1], [4, 2, 2], [2, 2, 2], [1, 1, 2], [1, 1], [1, 1, 2], [2, 2, 1], [2, 2, 1], [2, 4], [1, 1], [1, 1, 2]]
工件在单元中可选机器id:
[[[3, 5], [6], [11]], [[6], [8], [14, 15]], [[16], [20]], [[-1], [-1]], [[1, 2], [3, 5], [16]], [[1, 2], [3, 5]], [[3], [9], [19]], [[-1], [-1], [-1]], [[1, 2], [3, 5]], [[4], [7]], [[26, 27, 28, 29], [17, 18], [21, 22]], [[24, 25], [17, 18], [21, 22]], [[3], [6], [9, 10]], [[9], [16]], [[6], [8], [14, 15]], [[9, 10], [12, 13], [20]], [[9, 10], [12, 13], [23]], [[24, 25], [26, 27, 28, 29]], [[0], [7]], [[3], [6], [14, 15]]]
------------------------------------------------------------------------------------
重调度开始：
[Name=reschedule,G=0,T=90.00K] FT:433min, WT:948min, TT:400min, Fit:484.50, Time:5.12s, ETA:0m 10s
[Name=reschedule,G=1,T=89.99K] FT:433min, WT:1056min, TT:405min, Fit:495.30, Time:4.22s, ETA:0m 4s
最优个体出现在第0代，适应度为：484.5
3号工件退订
7号工件退订
调度结果：
     工件号  工序号  机器编号   起始时间   结束时间   加工时间   等待时间  运输时间
0    0.0  1.0   5.0    0.0   80.0   80.0    0.0   5.0
1    0.0  2.0   6.0  142.0  213.0   71.0   56.0  10.0
2    0.0  3.0  11.0  224.0  333.0  109.0    0.0   0.0
3    1.0  1.0   6.0    0.0   71.0   71.0    0.0  10.0
4    1.0  2.0   8.0   82.0  149.0   67.0    0.0   5.0
5    1.0  3.0  14.0  155.0  234.0   79.0    0.0   0.0
6    2.0  1.0  16.0    0.0   59.0   59.0    0.0  15.0
7    2.0  2.0  20.0   75.0  111.0   36.0    0.0   0.0
8    4.0  1.0   1.0    0.0   80.0   80.0    0.0  15.0
9    4.0  2.0   5.0   96.0  176.0   80.0    0.0  30.0
10   4.0  3.0  16.0  207.0  266.0   59.0    0.0   0.0
11   5.0  1.0   1.0   80.0  160.0   80.0   81.0  15.0
12   5.0  2.0   5.0  176.0  256.0   80.0    0.0   0.0
13   6.0  1.0   3.0    0.0   55.0   55.0    0.0  10.0
14   6.0  2.0  10.0   77.0  154.0   77.0   11.0  25.0
15   6.0  3.0  19.0  185.0  236.0   51.0    5.0   0.0
16   8.0  1.0   1.0  160.0  240.0   80.0  161.0  15.0
17   8.0  2.0   5.0  256.0  336.0   80.0    0.0   0.0
18   9.0  1.0   3.0   55.0  110.0   55.0   56.0  15.0
19   9.0  2.0   7.0  126.0  212.0   86.0    0.0   0.0
20  10.0  1.0  27.0    0.0  118.0  118.0    0.0  15.0
21  10.0  2.0  19.0  134.0  185.0   51.0    0.0  10.0
22  10.0  3.0  21.0  196.0  315.0  119.0    0.0   0.0
23  11.0  1.0  25.0    0.0  128.0   98.0   30.0  10.0
24  11.0  2.0  18.0  139.0  185.0   46.0    0.0  20.0
25  11.0  3.0  22.0  206.0  330.0  124.0    0.0   0.0
26  12.0  1.0   3.0  165.0  220.0   55.0  166.0  20.0
27  12.0  2.0   6.0  284.0  355.0   71.0   43.0  15.0
28  12.0  3.0   9.0  371.0  433.0   62.0    0.0   0.0
29  13.0  1.0  10.0    0.0   77.0   77.0    0.0   5.0
30  13.0  2.0  16.0   83.0  142.0   59.0    0.0   0.0
31  14.0  1.0   6.0   71.0  142.0   71.0   72.0  10.0
32  14.0  2.0   8.0  153.0  220.0   67.0    0.0   5.0
33  14.0  3.0  14.0  234.0  313.0   79.0    8.0   0.0
34  15.0  1.0   9.0  112.0  174.0   62.0   62.0  15.0
35  15.0  2.0  13.0  190.0  279.0   89.0    0.0  10.0
36  15.0  3.0  20.0  290.0  326.0   36.0    0.0   0.0
37  16.0  1.0   9.0   50.0  112.0   62.0    0.0  20.0
38  16.0  2.0  12.0  133.0  227.0   94.0    0.0  15.0
39  16.0  3.0  23.0  243.0  382.0  139.0    0.0   0.0
40  17.0  1.0  25.0  128.0  226.0   98.0   49.0  15.0
41  17.0  2.0  29.0  242.0  350.0  108.0    0.0   0.0
42  18.0  1.0   0.0   50.0  153.0  103.0    0.0  10.0
43  18.0  2.0   7.0  212.0  298.0   86.0   48.0   0.0
44  19.0  1.0   3.0  110.0  165.0   55.0   60.0  20.0
45  19.0  2.0   6.0  213.0  284.0   71.0   27.0  15.0
46  19.0  3.0  14.0  313.0  392.0   79.0   13.0   0.0
完工时间：433, 总等待时间：948.0，总运输时间：400.0
机器26在8时刻加工工件11的第1道工序时发生故障
